<?xml version="1.0" encoding="UTF-8"?>
<!-- Generated by org.testng.reporters.JUnitReportReporter -->
<testsuite skipped="0" hostname="LAPTOP-BF6O2SVC" name="src.newSeleniumTestLogin.Successlogin" tests="1" failures="0" timestamp="19 Jan 2020 19:25:01 GMT" time="21.393" errors="0">
  <testcase name="LoginAmazon" time="21.393" classname="src.newSeleniumTestLogin.Successlogin"/>
</testsuite> <!-- src.newSeleniumTestLogin.Successlogin -->
